<?xml version="1.0" encoding="UTF-8"?>
<!-- Generated by org.testng.reporters.JUnitReportReporter -->
<testsuite hostname="LAPTOP-94BRGR1T" failures="0" tests="1" name="com.testcases.login" time="4.200" errors="0" timestamp="2021-02-14T14:54:52 IST" skipped="0">
  <testcase classname="com.testcases.login" name="loginapp" time="4.200"/>
  <system-out/>
</testsuite> <!-- com.testcases.login -->
